<?xml version="1.0" encoding="UTF-8"?>
<!-- Generated by org.testng.reporters.JUnitReportReporter -->
<testsuite hostname="DESKTOP-VJVQ7SB" name="test001Test" tests="2" failures="0" timestamp="28 Apr 2019 10:13:46 GMT" time="0.007" errors="0">
  <testcase name="test1" time="0.007" classname="test001Test"/>
  <testcase name="test2" time="0.000" classname="test001Test"/>
</testsuite> <!-- test001Test -->
