<?xml version="1.0" encoding="UTF-8"?>
<!-- Generated by org.testng.reporters.JUnitReportReporter -->
<testsuite hostname="DESKTOP-VJVQ7SB" name="test002Test" tests="1" failures="0" timestamp="28 Apr 2019 10:13:46 GMT" time="0.000" errors="0">
  <testcase name="test001" time="0.000" classname="test002Test"/>
</testsuite> <!-- test002Test -->
